<?xml version="1.0" encoding="UTF-8"?>
<!-- Generated by org.testng.reporters.JUnitReportReporter -->
<testsuite hostname="DESKTOP-N2JB7LM" failures="0" tests="2" name="TestCases.LoginTest" time="32.386" errors="0" timestamp="2023-08-11T09:29:17 IST" skipped="0">
  <testcase classname="TestCases.LoginTest" name="LoginTest" time="16.438"/>
  <system-out/>
  <testcase classname="TestCases.LoginTest" name="verifyTitleTest" time="15.948"/>
  <system-out/>
</testsuite> <!-- TestCases.LoginTest -->
