<?xml version="1.0" encoding="UTF-8"?>
<!-- Generated by org.testng.reporters.JUnitReportReporter -->
<testsuite hostname="DESKTOP-N2JB7LM" failures="0" tests="2" name="TestCases.HomePageDashBoardTextValidation" time="37.454" errors="0" timestamp="2023-08-14T09:50:26 IST" skipped="0">
  <testcase classname="TestCases.HomePageDashBoardTextValidation" name="verifyNumberOfPanals" time="18.661"/>
  <system-out/>
  <testcase classname="TestCases.HomePageDashBoardTextValidation" name="clickmyInfoTest" time="18.793"/>
  <system-out/>
</testsuite> <!-- TestCases.HomePageDashBoardTextValidation -->
