<?xml version="1.0" encoding="UTF-8"?>
<!-- Generated by org.testng.reporters.JUnitReportReporter -->
<testsuite hostname="DESKTOP-N2JB7LM" failures="0" tests="1" name="TestCases.HomePageDashBoardTextValidation" time="23.482" errors="0" timestamp="2023-08-11T09:41:02 IST" skipped="0">
  <testcase classname="TestCases.HomePageDashBoardTextValidation" name="clickmyInfoTest" time="23.482"/>
  <system-out/>
</testsuite> <!-- TestCases.HomePageDashBoardTextValidation -->
