<?xml version="1.0" encoding="UTF-8"?>
<!-- Generated by org.testng.reporters.JUnitReportReporter -->
<testsuite hostname="DESKTOP-N2JB7LM" failures="0" tests="1" name="TestCases.addNewCustomer" time="15.274" errors="0" timestamp="2023-08-10T09:36:44 IST" skipped="0">
  <testcase classname="TestCases.addNewCustomer" name="addNewCustomerTest" time="15.274"/>
  <system-out/>
</testsuite> <!-- TestCases.addNewCustomer -->
