<?xml version="1.0" encoding="UTF-8"?>
<!-- Generated by org.testng.reporters.JUnitReportReporter -->
<testsuite hostname="DESKTOP-N2JB7LM" failures="0" tests="2" name="TestCases.LoginTest" time="35.615" errors="0" timestamp="2023-08-14T09:50:26 IST" skipped="0">
  <testcase classname="TestCases.LoginTest" name="verifyTitleTest" time="18.088"/>
  <system-out/>
  <testcase classname="TestCases.LoginTest" name="LoginTest" time="17.527"/>
  <system-out/>
</testsuite> <!-- TestCases.LoginTest -->
