<?xml version="1.0" encoding="UTF-8"?>
<!-- Generated by org.testng.reporters.JUnitReportReporter -->
<testsuite hostname="DESKTOP-N2JB7LM" failures="0" tests="2" name="TestCases.LoginTest" time="15.198" errors="0" timestamp="2023-08-10T09:36:44 IST" skipped="0">
  <testcase classname="TestCases.LoginTest" name="LoginTest" time="8.407"/>
  <system-out/>
  <testcase classname="TestCases.LoginTest" name="verifyTitleTest" time="6.791"/>
  <system-out/>
</testsuite> <!-- TestCases.LoginTest -->
