<?xml version="1.0" encoding="UTF-8"?>
<!-- Generated by org.testng.reporters.JUnitReportReporter -->
<testsuite hostname="DESKTOP-N2JB7LM" failures="0" tests="2" name="TestCases.UpdateMyInfo" time="53.253" errors="0" timestamp="2023-08-14T09:50:26 IST" skipped="0">
  <testcase classname="TestCases.UpdateMyInfo" name="verifyMyInfoHeaderTest" time="22.762"/>
  <system-out/>
  <testcase classname="TestCases.UpdateMyInfo" name="clickmyInfoTest" time="30.491"/>
  <system-out/>
</testsuite> <!-- TestCases.UpdateMyInfo -->
