<?xml version="1.0" encoding="UTF-8"?>
<!-- Generated by org.testng.reporters.JUnitReportReporter -->
<testsuite hostname="DESKTOP-N2JB7LM" failures="0" tests="1" name="TestCases.GuruHomePageTest" time="12.418" errors="0" timestamp="2023-08-07T10:13:39 IST" skipped="0">
  <testcase classname="TestCases.GuruHomePageTest" name="LoginTest" time="12.418"/>
  <system-out/>
</testsuite> <!-- TestCases.GuruHomePageTest -->
