<?xml version="1.0" encoding="UTF-8"?>
<!-- Generated by org.testng.reporters.JUnitReportReporter -->
<testsuite hostname="DESKTOP-N2JB7LM" failures="0" tests="1" name="Config.properties" time="0.039" errors="0" timestamp="2023-08-07T09:53:20 IST" skipped="0">
  <testcase classname="Config.properties" name="getURL" time="0.039"/>
  <system-out/>
</testsuite> <!-- Config.properties -->
