<?xml version="1.0" encoding="UTF-8"?>
<!-- Generated by org.testng.reporters.JUnitReportReporter -->
<testsuite hostname="DESKTOP-N2JB7LM" failures="0" tests="1" name="TestCases.UpdateMyInfo" time="30.453" errors="0" timestamp="2023-08-11T09:56:16 IST" skipped="0">
  <testcase classname="TestCases.UpdateMyInfo" name="clickmyInfoTest" time="30.453"/>
  <system-out/>
</testsuite> <!-- TestCases.UpdateMyInfo -->
