<?xml version="1.0" encoding="UTF-8"?>
<!-- Generated by org.testng.reporters.JUnitReportReporter -->
<testsuite hostname="DESKTOP-N2JB7LM" failures="0" tests="1" name="TestCases.GuruHomePageTest" time="14.375" errors="0" timestamp="2023-08-09T09:56:18 IST" skipped="0">
  <testcase classname="TestCases.GuruHomePageTest" name="LoginTest" time="14.375"/>
  <system-out/>
</testsuite> <!-- TestCases.GuruHomePageTest -->
